
*** Running vivado
    with args -log ECC.vds -m64 -product Vivado -mode batch -messageDb vivado.pb -notrace -source ECC.tcl



****** Vivado v2020.2 (64-bit)
  **** SW Build 3064766 on Wed Nov 18 09:12:45 MST 2020
  **** IP Build 3064653 on Wed Nov 18 14:17:31 MST 2020
    ** Copyright 1986-2020 Xilinx, Inc. All Rights Reserved.

source ECC.tcl -notrace
Command: synth_design -top ECC -part xc7z010clg400-1
Starting synth_design
Attempting to get a license for feature 'Synthesis' and/or device 'xc7z010'
INFO: [Common 17-349] Got license for feature 'Synthesis' and/or device 'xc7z010'
INFO: [Synth 8-7079] Multithreading enabled for synth_design using a maximum of 2 processes.
INFO: [Synth 8-7078] Launching helper process for spawning children vivado processes
INFO: [Synth 8-7075] Helper process launched with PID 3268
---------------------------------------------------------------------------------
Starting Synthesize : Time (s): cpu = 00:00:06 ; elapsed = 00:00:06 . Memory (MB): peak = 1002.434 ; gain = 0.000
---------------------------------------------------------------------------------
INFO: [Synth 8-638] synthesizing module 'ECC' [C:/Users/Utente/Desktop/Magistrale/Electronics and communications systems/Electronic systems/Progetto/Error-Correcting-Code-ECC/src/ECC.vhd:17]
	Parameter N bound to: 11 - type: integer 
INFO: [Synth 8-3491] module 'DFF_N' declared at 'C:/Users/Utente/Desktop/Magistrale/Electronics and communications systems/Electronic systems/Progetto/Error-Correcting-Code-ECC/src/DFF_N.vhd:5' bound to instance 'input_reg' of component 'DFF_N' [C:/Users/Utente/Desktop/Magistrale/Electronics and communications systems/Electronic systems/Progetto/Error-Correcting-Code-ECC/src/ECC.vhd:61]
INFO: [Synth 8-638] synthesizing module 'DFF_N' [C:/Users/Utente/Desktop/Magistrale/Electronics and communications systems/Electronic systems/Progetto/Error-Correcting-Code-ECC/src/DFF_N.vhd:18]
	Parameter N bound to: 11 - type: integer 
INFO: [Synth 8-256] done synthesizing module 'DFF_N' (1#1) [C:/Users/Utente/Desktop/Magistrale/Electronics and communications systems/Electronic systems/Progetto/Error-Correcting-Code-ECC/src/DFF_N.vhd:18]
INFO: [Synth 8-3491] module 'Encoder' declared at 'C:/Users/Utente/Desktop/Magistrale/Electronics and communications systems/Electronic systems/Progetto/Error-Correcting-Code-ECC/src/Encoder.vhd:4' bound to instance 'encoder_block' of component 'Encoder' [C:/Users/Utente/Desktop/Magistrale/Electronics and communications systems/Electronic systems/Progetto/Error-Correcting-Code-ECC/src/ECC.vhd:72]
INFO: [Synth 8-638] synthesizing module 'Encoder' [C:/Users/Utente/Desktop/Magistrale/Electronics and communications systems/Electronic systems/Progetto/Error-Correcting-Code-ECC/src/Encoder.vhd:11]
INFO: [Synth 8-256] done synthesizing module 'Encoder' (2#1) [C:/Users/Utente/Desktop/Magistrale/Electronics and communications systems/Electronic systems/Progetto/Error-Correcting-Code-ECC/src/Encoder.vhd:11]
	Parameter N bound to: 16 - type: integer 
INFO: [Synth 8-3491] module 'DFF_N' declared at 'C:/Users/Utente/Desktop/Magistrale/Electronics and communications systems/Electronic systems/Progetto/Error-Correcting-Code-ECC/src/DFF_N.vhd:5' bound to instance 'out_encoder_reg' of component 'DFF_N' [C:/Users/Utente/Desktop/Magistrale/Electronics and communications systems/Electronic systems/Progetto/Error-Correcting-Code-ECC/src/ECC.vhd:79]
INFO: [Synth 8-638] synthesizing module 'DFF_N__parameterized1' [C:/Users/Utente/Desktop/Magistrale/Electronics and communications systems/Electronic systems/Progetto/Error-Correcting-Code-ECC/src/DFF_N.vhd:18]
	Parameter N bound to: 16 - type: integer 
INFO: [Synth 8-256] done synthesizing module 'DFF_N__parameterized1' (2#1) [C:/Users/Utente/Desktop/Magistrale/Electronics and communications systems/Electronic systems/Progetto/Error-Correcting-Code-ECC/src/DFF_N.vhd:18]
INFO: [Synth 8-3491] module 'Decoder' declared at 'C:/Users/Utente/Desktop/Magistrale/Electronics and communications systems/Electronic systems/Progetto/Error-Correcting-Code-ECC/src/Decoder.vhd:4' bound to instance 'decoder_block' of component 'Decoder' [C:/Users/Utente/Desktop/Magistrale/Electronics and communications systems/Electronic systems/Progetto/Error-Correcting-Code-ECC/src/ECC.vhd:90]
INFO: [Synth 8-638] synthesizing module 'Decoder' [C:/Users/Utente/Desktop/Magistrale/Electronics and communications systems/Electronic systems/Progetto/Error-Correcting-Code-ECC/src/Decoder.vhd:14]
INFO: [Synth 8-256] done synthesizing module 'Decoder' (3#1) [C:/Users/Utente/Desktop/Magistrale/Electronics and communications systems/Electronic systems/Progetto/Error-Correcting-Code-ECC/src/Decoder.vhd:14]
	Parameter N bound to: 11 - type: integer 
INFO: [Synth 8-3491] module 'DFF_N' declared at 'C:/Users/Utente/Desktop/Magistrale/Electronics and communications systems/Electronic systems/Progetto/Error-Correcting-Code-ECC/src/DFF_N.vhd:5' bound to instance 'out_decoder_reg_data' of component 'DFF_N' [C:/Users/Utente/Desktop/Magistrale/Electronics and communications systems/Electronic systems/Progetto/Error-Correcting-Code-ECC/src/ECC.vhd:100]
	Parameter N bound to: 1 - type: integer 
INFO: [Synth 8-3491] module 'DFF_N' declared at 'C:/Users/Utente/Desktop/Magistrale/Electronics and communications systems/Electronic systems/Progetto/Error-Correcting-Code-ECC/src/DFF_N.vhd:5' bound to instance 'out_decoder_reg_NE' of component 'DFF_N' [C:/Users/Utente/Desktop/Magistrale/Electronics and communications systems/Electronic systems/Progetto/Error-Correcting-Code-ECC/src/ECC.vhd:113]
INFO: [Synth 8-638] synthesizing module 'DFF_N__parameterized4' [C:/Users/Utente/Desktop/Magistrale/Electronics and communications systems/Electronic systems/Progetto/Error-Correcting-Code-ECC/src/DFF_N.vhd:18]
	Parameter N bound to: 1 - type: integer 
INFO: [Synth 8-256] done synthesizing module 'DFF_N__parameterized4' (3#1) [C:/Users/Utente/Desktop/Magistrale/Electronics and communications systems/Electronic systems/Progetto/Error-Correcting-Code-ECC/src/DFF_N.vhd:18]
	Parameter N bound to: 1 - type: integer 
INFO: [Synth 8-3491] module 'DFF_N' declared at 'C:/Users/Utente/Desktop/Magistrale/Electronics and communications systems/Electronic systems/Progetto/Error-Correcting-Code-ECC/src/DFF_N.vhd:5' bound to instance 'out_decoder_reg_SEC' of component 'DFF_N' [C:/Users/Utente/Desktop/Magistrale/Electronics and communications systems/Electronic systems/Progetto/Error-Correcting-Code-ECC/src/ECC.vhd:126]
	Parameter N bound to: 1 - type: integer 
INFO: [Synth 8-3491] module 'DFF_N' declared at 'C:/Users/Utente/Desktop/Magistrale/Electronics and communications systems/Electronic systems/Progetto/Error-Correcting-Code-ECC/src/DFF_N.vhd:5' bound to instance 'out_decoder_reg_DED' of component 'DFF_N' [C:/Users/Utente/Desktop/Magistrale/Electronics and communications systems/Electronic systems/Progetto/Error-Correcting-Code-ECC/src/ECC.vhd:139]
INFO: [Synth 8-256] done synthesizing module 'ECC' (4#1) [C:/Users/Utente/Desktop/Magistrale/Electronics and communications systems/Electronic systems/Progetto/Error-Correcting-Code-ECC/src/ECC.vhd:17]
---------------------------------------------------------------------------------
Finished Synthesize : Time (s): cpu = 00:00:07 ; elapsed = 00:00:08 . Memory (MB): peak = 1002.434 ; gain = 0.000
---------------------------------------------------------------------------------
---------------------------------------------------------------------------------
Finished Constraint Validation : Time (s): cpu = 00:00:08 ; elapsed = 00:00:08 . Memory (MB): peak = 1002.434 ; gain = 0.000
---------------------------------------------------------------------------------
---------------------------------------------------------------------------------
Start Loading Part and Timing Information
---------------------------------------------------------------------------------
Loading part: xc7z010clg400-1
---------------------------------------------------------------------------------
INFO: [Device 21-403] Loading part xc7z010clg400-1
Finished Loading Part and Timing Information : Time (s): cpu = 00:00:08 ; elapsed = 00:00:08 . Memory (MB): peak = 1002.434 ; gain = 0.000
---------------------------------------------------------------------------------
---------------------------------------------------------------------------------
Finished RTL Optimization Phase 2 : Time (s): cpu = 00:00:08 ; elapsed = 00:00:09 . Memory (MB): peak = 1002.434 ; gain = 0.000
---------------------------------------------------------------------------------
No constraint files found.
---------------------------------------------------------------------------------
Start RTL Component Statistics 
---------------------------------------------------------------------------------
Detailed RTL Component Info : 
+---XORs : 
	   2 Input      1 Bit         XORs := 7     
	  13 Input      1 Bit         XORs := 1     
	   5 Input      1 Bit         XORs := 6     
	   7 Input      1 Bit         XORs := 1     
	   8 Input      1 Bit         XORs := 1     
	   9 Input      1 Bit         XORs := 1     
+---Registers : 
	               16 Bit    Registers := 1     
	               11 Bit    Registers := 2     
	                1 Bit    Registers := 3     
+---Muxes : 
	   2 Input    1 Bit        Muxes := 12    
---------------------------------------------------------------------------------
Finished RTL Component Statistics 
---------------------------------------------------------------------------------
---------------------------------------------------------------------------------
Start Part Resource Summary
---------------------------------------------------------------------------------
Part Resources:
DSPs: 80 (col length:40)
BRAMs: 120 (col length: RAMB18 40 RAMB36 20)
---------------------------------------------------------------------------------
Finished Part Resource Summary
---------------------------------------------------------------------------------
No constraint files found.
---------------------------------------------------------------------------------
Start Cross Boundary and Area Optimization
---------------------------------------------------------------------------------
---------------------------------------------------------------------------------
Finished Cross Boundary and Area Optimization : Time (s): cpu = 00:00:14 ; elapsed = 00:00:16 . Memory (MB): peak = 1002.434 ; gain = 0.000
---------------------------------------------------------------------------------
No constraint files found.
---------------------------------------------------------------------------------
Start Timing Optimization
---------------------------------------------------------------------------------
---------------------------------------------------------------------------------
Finished Timing Optimization : Time (s): cpu = 00:00:14 ; elapsed = 00:00:16 . Memory (MB): peak = 1002.434 ; gain = 0.000
---------------------------------------------------------------------------------
---------------------------------------------------------------------------------
Start Technology Mapping
---------------------------------------------------------------------------------
---------------------------------------------------------------------------------
Finished Technology Mapping : Time (s): cpu = 00:00:15 ; elapsed = 00:00:16 . Memory (MB): peak = 1002.434 ; gain = 0.000
---------------------------------------------------------------------------------
---------------------------------------------------------------------------------
Start IO Insertion
---------------------------------------------------------------------------------
---------------------------------------------------------------------------------
Start Flattening Before IO Insertion
---------------------------------------------------------------------------------
---------------------------------------------------------------------------------
Finished Flattening Before IO Insertion
---------------------------------------------------------------------------------
---------------------------------------------------------------------------------
Start Final Netlist Cleanup
---------------------------------------------------------------------------------
---------------------------------------------------------------------------------
Finished Final Netlist Cleanup
---------------------------------------------------------------------------------
---------------------------------------------------------------------------------
Finished IO Insertion : Time (s): cpu = 00:00:19 ; elapsed = 00:00:21 . Memory (MB): peak = 1002.434 ; gain = 0.000
---------------------------------------------------------------------------------
---------------------------------------------------------------------------------
Start Renaming Generated Instances
---------------------------------------------------------------------------------
---------------------------------------------------------------------------------
Finished Renaming Generated Instances : Time (s): cpu = 00:00:19 ; elapsed = 00:00:21 . Memory (MB): peak = 1002.434 ; gain = 0.000
---------------------------------------------------------------------------------
---------------------------------------------------------------------------------
Start Rebuilding User Hierarchy
---------------------------------------------------------------------------------
---------------------------------------------------------------------------------
Finished Rebuilding User Hierarchy : Time (s): cpu = 00:00:19 ; elapsed = 00:00:21 . Memory (MB): peak = 1002.434 ; gain = 0.000
---------------------------------------------------------------------------------
---------------------------------------------------------------------------------
Start Renaming Generated Ports
---------------------------------------------------------------------------------
---------------------------------------------------------------------------------
Finished Renaming Generated Ports : Time (s): cpu = 00:00:19 ; elapsed = 00:00:21 . Memory (MB): peak = 1002.434 ; gain = 0.000
---------------------------------------------------------------------------------
---------------------------------------------------------------------------------
Start Handling Custom Attributes
---------------------------------------------------------------------------------
---------------------------------------------------------------------------------
Finished Handling Custom Attributes : Time (s): cpu = 00:00:19 ; elapsed = 00:00:21 . Memory (MB): peak = 1002.434 ; gain = 0.000
---------------------------------------------------------------------------------
---------------------------------------------------------------------------------
Start Renaming Generated Nets
---------------------------------------------------------------------------------
---------------------------------------------------------------------------------
Finished Renaming Generated Nets : Time (s): cpu = 00:00:19 ; elapsed = 00:00:21 . Memory (MB): peak = 1002.434 ; gain = 0.000
---------------------------------------------------------------------------------
---------------------------------------------------------------------------------
Start Writing Synthesis Report
---------------------------------------------------------------------------------

Report BlackBoxes: 
+-+--------------+----------+
| |BlackBox name |Instances |
+-+--------------+----------+
+-+--------------+----------+

Report Cell Usage: 
+------+-----+------+
|      |Cell |Count |
+------+-----+------+
|1     |BUFG |     1|
|2     |LUT1 |     1|
|3     |LUT2 |     4|
|4     |LUT3 |     2|
|5     |LUT4 |     1|
|6     |LUT5 |     6|
|7     |LUT6 |    18|
|8     |FDCE |    41|
|9     |IBUF |    13|
|10    |OBUF |    14|
+------+-----+------+

Report Instance Areas: 
+------+-----------------------+------------------------+------+
|      |Instance               |Module                  |Cells |
+------+-----------------------+------------------------+------+
|1     |top                    |                        |   101|
|2     |  input_reg            |DFF_N                   |    19|
|3     |  out_decoder_reg_DED  |DFF_N__parameterized4   |     1|
|4     |  out_decoder_reg_NE   |DFF_N__parameterized4_0 |     1|
|5     |  out_decoder_reg_SEC  |DFF_N__parameterized4_1 |     1|
|6     |  out_decoder_reg_data |DFF_N_2                 |    11|
|7     |  out_encoder_reg      |DFF_N__parameterized1   |    40|
+------+-----------------------+------------------------+------+
---------------------------------------------------------------------------------
Finished Writing Synthesis Report : Time (s): cpu = 00:00:19 ; elapsed = 00:00:21 . Memory (MB): peak = 1002.434 ; gain = 0.000
---------------------------------------------------------------------------------
Synthesis finished with 0 errors, 0 critical warnings and 0 warnings.
Synthesis Optimization Runtime : Time (s): cpu = 00:00:19 ; elapsed = 00:00:21 . Memory (MB): peak = 1002.434 ; gain = 0.000
Synthesis Optimization Complete : Time (s): cpu = 00:00:19 ; elapsed = 00:00:21 . Memory (MB): peak = 1002.434 ; gain = 0.000
INFO: [Project 1-571] Translating synthesized netlist
Netlist sorting complete. Time (s): cpu = 00:00:00 ; elapsed = 00:00:00.002 . Memory (MB): peak = 1002.434 ; gain = 0.000
INFO: [Project 1-570] Preparing netlist for logic optimization
INFO: [Opt 31-138] Pushed 0 inverter(s) to 0 load pin(s).
Netlist sorting complete. Time (s): cpu = 00:00:00 ; elapsed = 00:00:00 . Memory (MB): peak = 1002.434 ; gain = 0.000
INFO: [Project 1-111] Unisim Transformation Summary:
No Unisim elements were transformed.

INFO: [Common 17-83] Releasing license: Synthesis
30 Infos, 0 Warnings, 0 Critical Warnings and 0 Errors encountered.
synth_design completed successfully
synth_design: Time (s): cpu = 00:00:24 ; elapsed = 00:00:27 . Memory (MB): peak = 1002.434 ; gain = 0.000
INFO: [Common 17-1381] The checkpoint 'C:/Users/Utente/Desktop/Magistrale/Electronics and communications systems/Electronic systems/Progetto/Error-Correcting-Code-ECC/vivado/ECC.runs/synth_1/ECC.dcp' has been generated.
INFO: [runtcl-4] Executing : report_utilization -file ECC_utilization_synth.rpt -pb ECC_utilization_synth.pb
INFO: [Common 17-206] Exiting Vivado at Fri Dec 24 12:15:45 2021...
